<?xml version="1.0" encoding="UTF-8"?>
<!-- Generated by org.testng.reporters.JUnitReportReporter -->
<testsuite skipped="0" hostname="Dell" name="testpkg1.test2" tests="1" failures="0" timestamp="21 Jan 2019 17:30:31 GMT" time="9.749" errors="0">
  <testcase name="f" time="9.749" classname="testpkg1.test2"/>
</testsuite> <!-- testpkg1.test2 -->
