<?xml version="1.0" encoding="UTF-8"?>
<!-- Generated by org.testng.reporters.JUnitReportReporter -->
<testsuite skipped="0" hostname="Dell" name="testpkg1.test2" tests="1" failures="0" timestamp="16 Sep 2019 17:21:19 GMT" time="43.378" errors="0">
  <testcase name="f" time="43.378" classname="testpkg1.test2"/>
</testsuite> <!-- testpkg1.test2 -->
