<?xml version="1.0" encoding="UTF-8"?>
<!-- Generated by org.testng.reporters.JUnitReportReporter -->
<testsuite skipped="0" hostname="Dell" name="testpkg1.test2" tests="1" failures="0" timestamp="21 Sep 2019 17:50:46 GMT" time="58.980" errors="0">
  <testcase name="f" time="58.980" classname="testpkg1.test2"/>
</testsuite> <!-- testpkg1.test2 -->
