<?xml version="1.0" encoding="UTF-8"?>
<!-- Generated by org.testng.reporters.JUnitReportReporter -->
<testsuite skipped="0" hostname="Dell" name="testpkg1.Test1" tests="1" failures="0" timestamp="16 Sep 2019 17:21:19 GMT" time="52.124" errors="0">
  <testcase name="f" time="52.124" classname="testpkg1.Test1"/>
</testsuite> <!-- testpkg1.Test1 -->
