<?xml version="1.0" encoding="UTF-8"?>
<!-- Generated by org.testng.reporters.JUnitReportReporter -->
<testsuite skipped="0" hostname="Dell" name="testpkg1.Test1" tests="1" failures="0" timestamp="21 Sep 2019 17:50:46 GMT" time="19.118" errors="0">
  <testcase name="f" time="19.118" classname="testpkg1.Test1"/>
</testsuite> <!-- testpkg1.Test1 -->
